<?xml version="1.0" encoding="UTF-8" ?>
<testsuite errors="0" failures="0" hostname="DESKTOP-DVTH33E" name="exercicio_1.TesteValores" skipped="0" tests="3" time="0.071" timestamp="2020-02-08T17:44:15">
  <properties>
    <property name="java.vendor" value="Oracle Corporation" />
    <property name="sun.java.launcher" value="SUN_STANDARD" />
    <property name="eclipse.pdebuild.templates" value="C:\Program Files\Spring STS\contents\sts-4.5.0.RELEASE\plugins\org.eclipse.pde.build_3.10.600.v20191011-0535\templates" />
    <property name="sun.management.compiler" value="HotSpot 64-Bit Tiered Compilers" />
    <property name="os.name" value="Windows 10" />
    <property name="sun.boot.class.path" value="C:\Program Files\Java\jdk1.8.0_241\jre\lib\resources.jar;C:\Program Files\Java\jdk1.8.0_241\jre\lib\rt.jar;C:\Program Files\Java\jdk1.8.0_241\jre\lib\sunrsasign.jar;C:\Program Files\Java\jdk1.8.0_241\jre\lib\jsse.jar;C:\Program Files\Java\jdk1.8.0_241\jre\lib\jce.jar;C:\Program Files\Java\jdk1.8.0_241\jre\lib\charsets.jar;C:\Program Files\Java\jdk1.8.0_241\jre\lib\jfr.jar;C:\Program Files\Java\jdk1.8.0_241\jre\classes" />
    <property name="sun.desktop" value="windows" />
    <property name="java.vm.specification.vendor" value="Oracle Corporation" />
    <property name="ant.home" value="C:\Program Files\Spring STS\contents\sts-4.5.0.RELEASE\plugins\org.apache.ant_1.10.7.v20190926-0324" />
    <property name="java.runtime.version" value="1.8.0_241-b07" />
    <property name="user.name" value="Thayana" />
    <property name="build.dir" value="D:\IGOR DEV\WORKSPACE\Aula_GCM\bin" />
    <property name="user.language" value="pt" />
    <property name="test.report.dir" value="D:\IGOR DEV\WORKSPACE\Aula_GCM\testreport" />
    <property name="sun.boot.library.path" value="C:\Program Files\Java\jdk1.8.0_241\jre\bin" />
    <property name="ant.project.default-target" value="main" />
    <property name="doc.dir" value="D:\IGOR DEV\WORKSPACE\Aula_GCM\doc" />
    <property name="ant.project.name" value="AulaGcm" />
    <property name="java.version" value="1.8.0_241" />
    <property name="user.timezone" value="" />
    <property name="ant.file.AulaGcm" value="D:\IGOR DEV\WORKSPACE\Aula_GCM\build03.xml" />
    <property name="sun.arch.data.model" value="64" />
    <property name="java.endorsed.dirs" value="C:\Program Files\Java\jdk1.8.0_241\jre\lib\endorsed" />
    <property name="sun.cpu.isalist" value="amd64" />
    <property name="sun.jnu.encoding" value="Cp1252" />
    <property name="file.encoding.pkg" value="sun.io" />
    <property name="file.separator" value="\" />
    <property name="java.specification.name" value="Java Platform API Specification" />
    <property name="java.class.version" value="52.0" />
    <property name="user.country" value="BR" />
    <property name="java.home" value="C:\Program Files\Java\jdk1.8.0_241\jre" />
    <property name="java.vm.info" value="mixed mode" />
    <property name="ant.file" value="D:\IGOR DEV\WORKSPACE\Aula_GCM\build03.xml" />
    <property name="os.version" value="10.0" />
    <property name="path.separator" value=";" />
    <property name="java.vm.version" value="25.241-b07" />
    <property name="user.variant" value="" />
    <property name="ant.library.dir" value="C:\Program Files\Spring STS\contents\sts-4.5.0.RELEASE\plugins\org.apache.ant_1.10.7.v20190926-0324\lib" />
    <property name="java.awt.printerjob" value="sun.awt.windows.WPrinterJob" />
    <property name="sun.io.unicode.encoding" value="UnicodeLittle" />
    <property name="awt.toolkit" value="sun.awt.windows.WToolkit" />
    <property name="user.script" value="" />
    <property name="eclipse.pdebuild.scripts" value="C:\Program Files\Spring STS\contents\sts-4.5.0.RELEASE\plugins\org.eclipse.pde.build_3.10.600.v20191011-0535\scripts" />
    <property name="user.home" value="C:\Users\Thayana" />
    <property name="java.specification.vendor" value="Oracle Corporation" />
    <property name="test.dir" value="D:\IGOR DEV\WORKSPACE\Aula_GCM\src" />
    <property name="java.library.path" value="C:\Program Files\Java\jdk1.8.0_241\jre\bin;C:\Windows\Sun\Java\bin;C:\Windows\system32;C:\Windows;C:/Program Files/Java/jre1.8.0_241/bin/server;C:/Program Files/Java/jre1.8.0_241/bin;C:/Program Files/Java/jre1.8.0_241/lib/amd64;C:\Program Files (x86)\Common Files\Oracle\Java\javapath;C:\Windows\system32;C:\Windows;C:\Windows\System32\Wbem;C:\Windows\System32\WindowsPowerShell\v1.0\;C:\Windows\System32\OpenSSH\;C:\Program Files\Intel\WiFi\bin\;C:\Program Files\Common Files\Intel\WirelessCommon\;C:\Users\Thayana\AppData\Local\Microsoft\WindowsApps;;C:\Users\Thayana\AppData\Local\Programs\Microsoft VS Code\bin;C:\Program Files\Spring STS\contents\sts-4.5.0.RELEASE;;." />
    <property name="java.vendor.url" value="http://java.oracle.com/" />
    <property name="java.vm.vendor" value="Oracle Corporation" />
    <property name="java.runtime.name" value="Java(TM) SE Runtime Environment" />
    <property name="sun.java.command" value="org.apache.tools.ant.taskdefs.optional.junit.JUnitTestRunner exercicio_1.TesteValores skipNonTests=false filtertrace=true haltOnError=false haltOnFailure=true formatter=org.apache.tools.ant.taskdefs.optional.junit.SummaryJUnitResultFormatter showoutput=false outputtoformatters=true logfailedtests=true threadid=0 logtestlistenerevents=false formatter=org.apache.tools.ant.taskdefs.optional.junit.XMLJUnitResultFormatter,D:\IGOR DEV\WORKSPACE\Aula_GCM\testreport\TEST-exercicio_1.TesteValores.xml crashfile=D:\IGOR DEV\WORKSPACE\Aula_GCM\junitvmwatcher6883006779937038452.properties propsfile=D:\IGOR DEV\WORKSPACE\Aula_GCM\junit4319713363732789552.properties" />
    <property name="java.class.path" value="D:\IGOR DEV\WORKSPACE\Aula_GCM\lib\junit-4.12.jar;D:\IGOR DEV\WORKSPACE\Aula_GCM\lib\hamcrest-core-1.3.jar;D:\IGOR DEV\WORKSPACE\Aula_GCM\bin;D:\IGOR DEV\WORKSPACE\Aula_GCM\bin\tests;C:\Program Files\Spring STS\contents\sts-4.5.0.RELEASE\plugins\org.apache.ant_1.10.7.v20190926-0324\lib\ant-launcher.jar;C:\Program Files\Spring STS\contents\sts-4.5.0.RELEASE\plugins\org.apache.ant_1.10.7.v20190926-0324\lib\ant.jar;C:\Program Files\Spring STS\contents\sts-4.5.0.RELEASE\plugins\org.apache.ant_1.10.7.v20190926-0324\lib\ant-junit.jar;C:\Program Files\Spring STS\contents\sts-4.5.0.RELEASE\plugins\org.apache.ant_1.10.7.v20190926-0324\lib\ant-junit4.jar" />
    <property name="ant.version" value="Apache Ant(TM) version 1.10.7 compiled on September 1 2019" />
    <property name="java.vm.specification.name" value="Java Virtual Machine Specification" />
    <property name="java.vm.specification.version" value="1.8" />
    <property name="sun.cpu.endian" value="little" />
    <property name="sun.os.patch.level" value="" />
    <property name="eclipse.pdebuild.home" value="C:\Program Files\Spring STS\contents\sts-4.5.0.RELEASE\plugins\org.eclipse.pde.build_3.10.600.v20191011-0535\." />
    <property name="java.io.tmpdir" value="C:\Users\Thayana\AppData\Local\Temp\" />
    <property name="java.vendor.url.bug" value="http://bugreport.sun.com/bugreport/" />
    <property name="os.arch" value="amd64" />
    <property name="java.awt.graphicsenv" value="sun.awt.Win32GraphicsEnvironment" />
    <property name="java.ext.dirs" value="C:\Program Files\Java\jdk1.8.0_241\jre\lib\ext;C:\Windows\Sun\Java\lib\ext" />
    <property name="user.dir" value="D:\IGOR DEV\WORKSPACE\Aula_GCM" />
    <property name="build.test.dir" value="D:\IGOR DEV\WORKSPACE\Aula_GCM\bin\tests" />
    <property name="line.separator" value="&#xd;&#xa;" />
    <property name="java.vm.name" value="Java HotSpot(TM) 64-Bit Server VM" />
    <property name="basedir" value="D:\IGOR DEV\WORKSPACE\Aula_GCM" />
    <property name="ant.java.version" value="1.8" />
    <property name="ant.core.lib" value="C:\Program Files\Spring STS\contents\sts-4.5.0.RELEASE\plugins\org.apache.ant_1.10.7.v20190926-0324\lib\ant.jar" />
    <property name="file.encoding" value="Cp1252" />
    <property name="source.dir" value="D:\IGOR DEV\WORKSPACE\Aula_GCM\src" />
    <property name="ant.file.type.AulaGcm" value="file" />
    <property name="java.specification.version" value="1.8" />
    <property name="ant.project.invoked-targets" value="main" />
  </properties>
  <testcase classname="exercicio_1.TesteValores" name="testDel" time="0.001" />
  <testcase classname="exercicio_1.TesteValores" name="testIns" time="0.0" />
  <testcase classname="exercicio_1.TesteValores" name="testSize" time="0.0" />
  <system-out><![CDATA[]]></system-out>
  <system-err><![CDATA[]]></system-err>
</testsuite>
